Compilación iniciada a las 07/10/2015 12:53:20.
     1>Proyecto "D:\Users\davidrc17\Documents\GitHub\Physics\Physics2_class3 - handout\SDL Game.vcxproj" en el nodo 2 (Build destinos).
     1>ClCompile:
         C:\soft\Microsoft Visual Studio 12.0\VC\bin\CL.exe /c /ZI /nologo /W3 /WX- /sdl /Od /Oy- /D _MBCS /Gm /RTC1 /MDd /GS /fp:precise /Zc:wchar_t /Zc:forScope /Fo"Debug\\" /Fd"Debug\vc120.pdb" /Gd /TP /analyze- /errorReport:prompt ModulePhysics.cpp
         ModulePhysics.cpp
     1>d:\users\davidrc17\documents\github\physics\physics2_class3 - handout\modulephysics.cpp(35): warning C4244: 'inicializando' : conversión de 'float' a 'int'; posible pérdida de datos
     1>d:\users\davidrc17\documents\github\physics\physics2_class3 - handout\modulephysics.cpp(111): warning C4244: '=' : conversión de 'float' a 'int'; posible pérdida de datos
     1>d:\users\davidrc17\documents\github\physics\physics2_class3 - handout\modulephysics.cpp(112): warning C4244: '=' : conversión de 'float' a 'int'; posible pérdida de datos
     1>d:\users\davidrc17\documents\github\physics\physics2_class3 - handout\modulephysics.cpp(128): warning C4018: '<' : no coinciden signed/unsigned
     1>d:\users\davidrc17\documents\github\physics\physics2_class3 - handout\modulephysics.cpp(291): warning C4244: '=' : conversión de 'int' a 'float32'; posible pérdida de datos
     1>d:\users\davidrc17\documents\github\physics\physics2_class3 - handout\modulephysics.cpp(292): warning C4244: '=' : conversión de 'int' a 'float32'; posible pérdida de datos
     1>d:\users\davidrc17\documents\github\physics\physics2_class3 - handout\modulephysics.cpp(298): warning C4244: 'inicializando' : conversión de 'double' a 'int'; posible pérdida de datos
     1>d:\users\davidrc17\documents\github\physics\physics2_class3 - handout\modulephysics.cpp(299): warning C4244: 'inicializando' : conversión de 'double' a 'int'; posible pérdida de datos
     1>d:\users\davidrc17\documents\github\physics\physics2_class3 - handout\modulephysics.cpp(300): warning C4244: '=' : conversión de 'float32' a 'int'; posible pérdida de datos
       Link:
         C:\soft\Microsoft Visual Studio 12.0\VC\bin\link.exe /ERRORREPORT:PROMPT /OUT:"D:\Users\davidrc17\Documents\GitHub\Physics\Physics2_class3 - handout\Debug\2D Physics - class 3.exe" /INCREMENTAL /NOLOGO kernel32.lib user32.lib gdi32.lib winspool.lib comdlg32.lib advapi32.lib shell32.lib ole32.lib oleaut32.lib uuid.lib odbc32.lib odbccp32.lib /MANIFEST /MANIFESTUAC:"level='asInvoker' uiAccess='false'" /manifest:embed /DEBUG /PDB:"D:\Users\davidrc17\Documents\GitHub\Physics\Physics2_class3 - handout\Debug\2D Physics - class 3.pdb" /SUBSYSTEM:WINDOWS /TLBID:1 /DYNAMICBASE /NXCOMPAT /IMPLIB:"D:\Users\davidrc17\Documents\GitHub\Physics\Physics2_class3 - handout\Debug\2D Physics - class 3.lib" /MACHINE:X86 Debug\Application.obj
         Debug\log.obj
         Debug\Main.obj
         Debug\ModuleAudio.obj
         Debug\ModuleInput.obj
         Debug\ModulePhysics.obj
         Debug\ModulePlayer.obj
         Debug\ModuleRender.obj
         Debug\ModuleSceneIntro.obj
         Debug\ModuleTextures.obj
         Debug\ModuleWindow.obj
         SDL Game.vcxproj -> D:\Users\davidrc17\Documents\GitHub\Physics\Physics2_class3 - handout\Debug\2D Physics - class 3.exe
     1>Compilación del proyecto terminada "D:\Users\davidrc17\Documents\GitHub\Physics\Physics2_class3 - handout\SDL Game.vcxproj" (Build destinos).

Compilación correcta.

Tiempo transcurrido 00:00:01.00
