Build started 22/10/2015 18:19:23.
     1>Project "D:\Users\David\Documents\GitHub\Physics\Physics2_class4 - handout\SDL Game.vcxproj" on node 2 (Build target(s)).
     1>ClCompile:
         D:\Program Files (x86)\Microsoft Visual Studio 12.0\VC\bin\CL.exe /c /ZI /nologo /W3 /WX- /sdl /Od /Oy- /D _MBCS /Gm /RTC1 /MDd /GS /fp:precise /Zc:wchar_t /Zc:forScope /Fo"Debug\\" /Fd"Debug\vc120.pdb" /Gd /TP /analyze- /errorReport:prompt ModulePhysics.cpp
         ModulePhysics.cpp
     1>d:\users\david\documents\github\physics\physics2_class4 - handout\modulephysics.cpp(40): warning C4244: 'initializing' : conversion from 'float' to 'int', possible loss of data
     1>d:\users\david\documents\github\physics\physics2_class4 - handout\modulephysics.cpp(121): warning C4244: '=' : conversion from 'float' to 'int', possible loss of data
     1>d:\users\david\documents\github\physics\physics2_class4 - handout\modulephysics.cpp(122): warning C4244: '=' : conversion from 'float' to 'int', possible loss of data
     1>d:\users\david\documents\github\physics\physics2_class4 - handout\modulephysics.cpp(165): warning C4018: '<' : signed/unsigned mismatch
     1>d:\users\david\documents\github\physics\physics2_class4 - handout\modulephysics.cpp(321): warning C4244: 'argument' : conversion from 'float32' to 'int', possible loss of data
     1>d:\users\david\documents\github\physics\physics2_class4 - handout\modulephysics.cpp(391): warning C4244: 'initializing' : conversion from 'int' to 'float', possible loss of data
     1>d:\users\david\documents\github\physics\physics2_class4 - handout\modulephysics.cpp(392): warning C4244: 'initializing' : conversion from 'int' to 'float', possible loss of data
     1>d:\users\david\documents\github\physics\physics2_class4 - handout\modulephysics.cpp(398): warning C4244: 'return' : conversion from 'float32' to 'int', possible loss of data
       Link:
         D:\Program Files (x86)\Microsoft Visual Studio 12.0\VC\bin\link.exe /ERRORREPORT:PROMPT /OUT:"D:\Users\David\Documents\GitHub\Physics\Physics2_class4 - handout\Debug\2D Physics - class 4.exe" /INCREMENTAL /NOLOGO kernel32.lib user32.lib gdi32.lib winspool.lib comdlg32.lib advapi32.lib shell32.lib ole32.lib oleaut32.lib uuid.lib odbc32.lib odbccp32.lib /MANIFEST /MANIFESTUAC:"level='asInvoker' uiAccess='false'" /manifest:embed /DEBUG /PDB:"D:\Users\David\Documents\GitHub\Physics\Physics2_class4 - handout\Debug\2D Physics - class 4.pdb" /SUBSYSTEM:WINDOWS /TLBID:1 /DYNAMICBASE /NXCOMPAT /IMPLIB:"D:\Users\David\Documents\GitHub\Physics\Physics2_class4 - handout\Debug\2D Physics - class 4.lib" /MACHINE:X86 Debug\Application.obj
         Debug\log.obj
         Debug\Main.obj
         Debug\ModuleAudio.obj
         Debug\ModuleInput.obj
         Debug\ModulePhysics.obj
         Debug\ModulePlayer.obj
         Debug\ModuleRender.obj
         Debug\ModuleSceneIntro.obj
         Debug\ModuleTextures.obj
         Debug\ModuleWindow.obj
         SDL Game.vcxproj -> D:\Users\David\Documents\GitHub\Physics\Physics2_class4 - handout\Debug\2D Physics - class 4.exe
     1>Done Building Project "D:\Users\David\Documents\GitHub\Physics\Physics2_class4 - handout\SDL Game.vcxproj" (Build target(s)).

Build succeeded.

Time Elapsed 00:00:00.85
